<?xml version="1.0" encoding="UTF-8"?>
<!-- Generated by org.testng.reporters.JUnitReportReporter -->
<testsuite hostname="WIN-L4MHC4N3OVV" name="hudalyou.TutTest" tests="1" failures="0" timestamp="9 Aug 2019 15:10:44 GMT" time="181.540" errors="0">
  <testcase name="controlMail" time="181.540" classname="hudalyou.TutTest"/>
</testsuite> <!-- hudalyou.TutTest -->
